0 info it worked if it ends with ok
1 verbose cli [ '/Users/stephencaulfield/.nvm/versions/node/v7.1.0/bin/node',
1 verbose cli   '/Users/stephencaulfield/.nvm/versions/node/v7.1.0/bin/npm',
1 verbose cli   'run',
1 verbose cli   'deploy' ]
2 info using npm@3.10.9
3 info using node@v7.1.0
4 verbose run-script [ 'predeploy', 'deploy', 'postdeploy' ]
5 info lifecycle profile-update@0.1.0~predeploy: profile-update@0.1.0
6 verbose lifecycle profile-update@0.1.0~predeploy: unsafe-perm in lifecycle true
7 verbose lifecycle profile-update@0.1.0~predeploy: PATH: /Users/stephencaulfield/.nvm/versions/node/v7.1.0/lib/node_modules/npm/bin/node-gyp-bin:/Users/stephencaulfield/Desktop/scaulfield01.github.io/node_modules/.bin:/Users/stephencaulfield/.nvm/versions/node/v7.1.0/bin:/Library/Frameworks/Python.framework/Versions/3.5/bin:/usr/local/bin:/usr/local/sbin:~/bin:/usr/local/bin:/usr/bin:/bin:/usr/sbin:/sbin
8 verbose lifecycle profile-update@0.1.0~predeploy: CWD: /Users/stephencaulfield/Desktop/scaulfield01.github.io
9 silly lifecycle profile-update@0.1.0~predeploy: Args: [ '-c', 'npm run build' ]
10 silly lifecycle profile-update@0.1.0~predeploy: Returned: code: 0  signal: null
11 info lifecycle profile-update@0.1.0~deploy: profile-update@0.1.0
12 verbose lifecycle profile-update@0.1.0~deploy: unsafe-perm in lifecycle true
13 verbose lifecycle profile-update@0.1.0~deploy: PATH: /Users/stephencaulfield/.nvm/versions/node/v7.1.0/lib/node_modules/npm/bin/node-gyp-bin:/Users/stephencaulfield/Desktop/scaulfield01.github.io/node_modules/.bin:/Users/stephencaulfield/.nvm/versions/node/v7.1.0/bin:/Library/Frameworks/Python.framework/Versions/3.5/bin:/usr/local/bin:/usr/local/sbin:~/bin:/usr/local/bin:/usr/bin:/bin:/usr/sbin:/sbin
14 verbose lifecycle profile-update@0.1.0~deploy: CWD: /Users/stephencaulfield/Desktop/scaulfield01.github.io
15 silly lifecycle profile-update@0.1.0~deploy: Args: [ '-c', 'master -d build' ]
16 info lifecycle profile-update@0.1.0~deploy: Failed to exec deploy script
17 verbose stack Error: profile-update@0.1.0 deploy: `master -d build`
17 verbose stack spawn ENOENT
17 verbose stack     at ChildProcess.<anonymous> (/Users/stephencaulfield/.nvm/versions/node/v7.1.0/lib/node_modules/npm/lib/utils/spawn.js:33:16)
17 verbose stack     at emitTwo (events.js:106:13)
17 verbose stack     at ChildProcess.emit (events.js:191:7)
17 verbose stack     at maybeClose (internal/child_process.js:885:16)
17 verbose stack     at Process.ChildProcess._handle.onexit (internal/child_process.js:226:5)
18 verbose pkgid profile-update@0.1.0
19 verbose cwd /Users/stephencaulfield/Desktop/scaulfield01.github.io
20 error Darwin 16.7.0
21 error argv "/Users/stephencaulfield/.nvm/versions/node/v7.1.0/bin/node" "/Users/stephencaulfield/.nvm/versions/node/v7.1.0/bin/npm" "run" "deploy"
22 error node v7.1.0
23 error npm  v3.10.9
24 error file sh
25 error code ELIFECYCLE
26 error errno ENOENT
27 error syscall spawn
28 error profile-update@0.1.0 deploy: `master -d build`
28 error spawn ENOENT
29 error Failed at the profile-update@0.1.0 deploy script 'master -d build'.
29 error Make sure you have the latest version of node.js and npm installed.
29 error If you do, this is most likely a problem with the profile-update package,
29 error not with npm itself.
29 error Tell the author that this fails on your system:
29 error     master -d build
29 error You can get information on how to open an issue for this project with:
29 error     npm bugs profile-update
29 error Or if that isn't available, you can get their info via:
29 error     npm owner ls profile-update
29 error There is likely additional logging output above.
30 verbose exit [ 1, true ]
